<?xml version="1.0" encoding="UTF-8"?>
<coverage generated="1670786088079" clover="3.2.0">
  <project timestamp="1670786088079" name="All files">
    <metrics statements="2" coveredstatements="2" conditionals="0" coveredconditionals="0" methods="0" coveredmethods="0" elements="2" coveredelements="2" complexity="0" loc="2" ncloc="2" packages="1" files="2" classes="2"/>
    <file name="Docs.vue" path="/mnt/c/Users/ldmk/LinuxDebian/lundmark/dbwebb-kurser/jsramverk/kmom/dottxt/src/components/Docs.vue">
      <metrics statements="1" coveredstatements="1" conditionals="0" coveredconditionals="0" methods="0" coveredmethods="0"/>
      <line num="1" count="1" type="stmt"/>
    </file>
    <file name="Header.vue" path="/mnt/c/Users/ldmk/LinuxDebian/lundmark/dbwebb-kurser/jsramverk/kmom/dottxt/src/components/Header.vue">
      <metrics statements="1" coveredstatements="1" conditionals="0" coveredconditionals="0" methods="0" coveredmethods="0"/>
      <line num="1" count="1" type="stmt"/>
    </file>
  </project>
</coverage>
