{"/mnt/c/Users/ldmk/LinuxDebian/lundmark/dbwebb-kurser/jsramverk/kmom/dottxt/src/components/Docs.vue": {"path":"/mnt/c/Users/ldmk/LinuxDebian/lundmark/dbwebb-kurser/jsramverk/kmom/dottxt/src/components/Docs.vue","all":false,"statementMap":{"0":{"start":{"line":1,"column":0},"end":{"line":1,"column":0}}},"s":{"0":1},"branchMap":{},"b":{},"fnMap":{},"f":{}}
,"/mnt/c/Users/ldmk/LinuxDebian/lundmark/dbwebb-kurser/jsramverk/kmom/dottxt/src/components/Header.vue": {"path":"/mnt/c/Users/ldmk/LinuxDebian/lundmark/dbwebb-kurser/jsramverk/kmom/dottxt/src/components/Header.vue","all":false,"statementMap":{"0":{"start":{"line":1,"column":0},"end":{"line":1,"column":0}}},"s":{"0":1},"branchMap":{},"b":{},"fnMap":{},"f":{}}
}
